[?25l[?7l[0m[34m[1m       .hddddddddddddddddddddddh.
      :dddddddddddddddddddddddddd:
     /dddddddddddddddddddddddddddd/
    +dddddddddddddddddddddddddddddd+
  `sdddddddddddddddddddddddddddddddds`
 `ydddddddddddd++hdddddddddddddddddddy`
.hddddddddddd+`  `+ddddh:-sdddddddddddh.
hdddddddddd+`      `+y:    .sddddddddddh
ddddddddh+`   `//`   `.`     -sddddddddd
ddddddh+`   `/hddh/`   `:s-    -sddddddd
ddddh+`   `/+/dddddh/`   `+s-    -sddddd
ddd+`   `/o` :dddddddh/`   `oy-    .yddd
hdddyo+ohddyosdddddddddho+oydddy++ohdddh
.hddddddddddddddddddddddddddddddddddddh.
 `yddddddddddddddddddddddddddddddddddy`
  `sdddddddddddddddddddddddddddddddds`
    +dddddddddddddddddddddddddddddd+
     /dddddddddddddddddddddddddddd/
      :dddddddddddddddddddddddddd:
       .hddddddddddddddddddddddh.[0m
[20A[9999999D[43C[0m[1m[34m[1mfak3r[0m@[34m[1mslug[0m 
[43C[0m----------[0m 
[43C[0m[35m[1mOS[0m[0m:[0m Alpine Linux edge x86_64[0m 
[43C[0m[35m[1mHost[0m[0m:[0m MINI S[0m 
[43C[0m[35m[1mKernel[0m[0m:[0m 6.12.13-0-lts[0m 
[43C[0m[35m[1mUptime[0m[0m:[0m 1 day, 6 hours, 28 mins[0m 
[43C[0m[35m[1mPackages[0m[0m:[0m 940 (apk), 24 (flatpak)[0m 
[43C[0m[35m[1mShell[0m[0m:[0m bash 5.2.37[0m 
[43C[0m[35m[1mResolution[0m[0m:[0m 1920x1080[0m 
[43C[0m[35m[1mDE[0m[0m:[0m Xfce 4.20[0m 
[43C[0m[35m[1mWM[0m[0m:[0m Xfwm4[0m 
[43C[0m[35m[1mWM Theme[0m[0m:[0m Default[0m 
[43C[0m[35m[1mTheme[0m[0m:[0m Adwaita [GTK2/3][0m 
[43C[0m[35m[1mIcons[0m[0m:[0m Adwaita [GTK2/3][0m 
[43C[0m[35m[1mTerminal[0m[0m:[0m alacritty[0m 
[43C[0m[35m[1mCPU[0m[0m:[0m Intel Celeron N5095 (4) @ 2.900GHz[0m 
[43C[0m[35m[1mGPU[0m[0m:[0m Intel JasperLake [UHD Graphics][0m 
[43C[0m[35m[1mMemory[0m[0m:[0m 3963MiB / 7729MiB[0m 

[43C[30m[40m   [31m[41m   [32m[42m   [33m[43m   [34m[44m   [35m[45m   [36m[46m   [37m[47m   [m
[43C[38;5;8m[48;5;8m   [38;5;9m[48;5;9m   [38;5;10m[48;5;10m   [38;5;11m[48;5;11m   [38;5;12m[48;5;12m   [38;5;13m[48;5;13m   [38;5;14m[48;5;14m   [38;5;15m[48;5;15m   [m


[?25h[?7h